2025-09-25 00:17:38,802 - INFO - Connected to DuckDB instance
2025-09-25 00:17:38,802 - INFO - Dropped table if exists
2025-09-25 00:23:27,329 - INFO - Connected to DuckDB instance
2025-09-25 00:23:27,330 - INFO - Dropped table if exists
2025-09-25 00:26:53,605 - INFO - Connected to DuckDB instance
2025-09-25 00:26:53,606 - INFO - Dropped redundant tables
2025-09-25 00:26:53,610 - INFO - Added vehicle_emissions data to db
2025-09-25 00:35:44,066 - INFO - Connected to DuckDB instance
2025-09-25 00:35:44,068 - INFO - Dropped redundant tables
2025-09-25 00:35:44,073 - INFO - Added vehicle_emissions data to db
2025-09-25 00:46:29,798 - INFO - Connected to DuckDB instance
2025-09-25 00:46:29,801 - INFO - Dropped redundant tables
2025-09-25 00:46:32,080 - INFO - Imported yellow_tripdata_2024-01 data to db
2025-09-25 00:46:33,530 - INFO - Imported yellow_tripdata_2024-02 data to db
2025-09-25 00:46:35,154 - INFO - Imported yellow_tripdata_2024-03 data to db
2025-09-25 00:46:37,159 - INFO - Imported yellow_tripdata_2024-04 data to db
2025-09-25 00:46:39,340 - INFO - Imported yellow_tripdata_2024-05 data to db
2025-09-25 00:46:41,009 - INFO - Imported yellow_tripdata_2024-06 data to db
2025-09-25 00:46:42,481 - INFO - Imported yellow_tripdata_2024-07 data to db
2025-09-25 00:46:44,168 - INFO - Imported yellow_tripdata_2024-08 data to db
2025-09-25 00:46:46,552 - INFO - Imported yellow_tripdata_2024-09 data to db
2025-09-25 00:46:48,068 - INFO - Imported yellow_tripdata_2024-10 data to db
2025-09-25 00:46:49,798 - INFO - Imported yellow_tripdata_2024-11 data to db
2025-09-25 00:46:51,432 - INFO - Imported yellow_tripdata_2024-12 data to db
2025-09-25 00:46:51,438 - INFO - Added vehicle_emissions data to db
2025-09-25 00:59:04,867 - INFO - Connected to DuckDB instance
2025-09-25 00:59:04,886 - INFO - Dropped redundant tables
2025-09-25 00:59:05,388 - INFO - Created empty tripdata tables
2025-09-25 00:59:06,729 - INFO - Imported yellow_tripdata_2024-01 data to db
2025-09-25 00:59:06,808 - ERROR - An error occurred: Binder Error: table green_tripdata has 20 columns but 19 values were supplied
2025-09-25 01:01:38,508 - INFO - Connected to DuckDB instance
2025-09-25 01:01:38,511 - INFO - Dropped redundant tables
2025-09-25 01:01:38,927 - INFO - Created empty tripdata tables
2025-09-25 01:01:40,281 - INFO - Imported yellow_tripdata_2024-01 data to db
2025-09-25 01:01:40,352 - ERROR - An error occurred: Binder Error: table green_tripdata has 20 columns but 19 values were supplied
2025-09-25 01:03:27,680 - INFO - Connected to DuckDB instance
2025-09-25 01:03:27,682 - INFO - Dropped redundant tables
2025-09-25 01:03:27,986 - INFO - Created empty tripdata tables
2025-09-25 01:03:29,369 - INFO - Imported yellow_tripdata_2024-01 data to db
2025-09-25 01:03:29,720 - INFO - Imported green_tripdata_2024-01 data to db
2025-09-25 01:03:31,038 - INFO - Imported yellow_tripdata_2024-02 data to db
2025-09-25 01:03:31,351 - INFO - Imported green_tripdata_2024-02 data to db
2025-09-25 01:03:33,083 - INFO - Imported yellow_tripdata_2024-03 data to db
2025-09-25 01:03:33,464 - INFO - Imported green_tripdata_2024-03 data to db
2025-09-25 01:03:35,330 - INFO - Imported yellow_tripdata_2024-04 data to db
2025-09-25 01:03:35,680 - INFO - Imported green_tripdata_2024-04 data to db
2025-09-25 01:03:37,424 - INFO - Imported yellow_tripdata_2024-05 data to db
2025-09-25 01:03:37,806 - INFO - Imported green_tripdata_2024-05 data to db
2025-09-25 01:03:39,411 - INFO - Imported yellow_tripdata_2024-06 data to db
2025-09-25 01:03:39,809 - INFO - Imported green_tripdata_2024-06 data to db
2025-09-25 01:03:41,369 - INFO - Imported yellow_tripdata_2024-07 data to db
2025-09-25 01:03:41,724 - INFO - Imported green_tripdata_2024-07 data to db
2025-09-25 01:03:43,422 - INFO - Imported yellow_tripdata_2024-08 data to db
2025-09-25 01:03:43,737 - INFO - Imported green_tripdata_2024-08 data to db
2025-09-25 01:03:45,311 - INFO - Imported yellow_tripdata_2024-09 data to db
2025-09-25 01:03:45,713 - INFO - Imported green_tripdata_2024-09 data to db
2025-09-25 01:03:47,732 - INFO - Imported yellow_tripdata_2024-10 data to db
2025-09-25 01:03:48,143 - INFO - Imported green_tripdata_2024-10 data to db
2025-09-25 01:03:49,757 - INFO - Imported yellow_tripdata_2024-11 data to db
2025-09-25 01:03:50,170 - INFO - Imported green_tripdata_2024-11 data to db
2025-09-25 01:03:52,162 - INFO - Imported yellow_tripdata_2024-12 data to db
2025-09-25 01:03:52,536 - INFO - Imported green_tripdata_2024-12 data to db
2025-09-25 01:03:52,542 - INFO - Added vehicle_emissions data to db
